[2014-02-04 13:00:15] START
[2014-02-04 13:01:14] EDIT CLhelper/models/db.py: 1
[2014-02-04 13:02:20] EDIT CLhelper/controllers/default.py: 14
[2014-02-04 13:03:21] EDIT CLhelper/controllers/default.py: 1
[2014-02-04 13:03:57] EDIT CLhelper/controllers/default.py: 0
[2014-02-04 13:06:35] EDIT CLhelper/views/default/index.html: 2
[2014-02-04 13:07:16] EDIT CLhelper/models/db.py: 0
[2014-02-04 13:07:45] EDIT CLhelper/models/db.py: 0
[2014-02-04 13:10:10] EDIT CLhelper/controllers/default.py: 0
[2014-02-04 13:11:55] EDIT CLhelper/models/db.py: 0
[2014-02-04 13:12:59] EDIT CLhelper/views/default/index.html: 0
[2014-02-04 13:13:01] EDIT CLhelper/views/default/index.html: 0
[2014-02-04 13:13:20] EDIT CLhelper/models/db.py: 0
[2014-02-04 13:13:53] EDIT CLhelper/views/default/index.html: -3
[2014-02-04 13:14:01] EDIT CLhelper/views/default/index.html: 0
[2014-02-04 13:14:33] EDIT CLhelper/controllers/default.py: 0
[2014-02-04 13:16:07] EDIT CLhelper/views/default/index.html: 2
[2014-02-04 13:16:45] EDIT CLhelper/views/default/index.html: -3
[2014-02-04 13:17:01] EDIT CLhelper/views/default/index.html: 2
[2014-02-04 13:18:49] EDIT CLhelper/controllers/default.py: 0
[2014-02-04 13:19:03] EDIT CLhelper/controllers/default.py: 0
[2014-02-04 13:19:34] EDIT CLhelper/views/default/index.html: -2
[2014-02-04 13:19:53] EDIT CLhelper/views/default/index.html: 2
[2014-02-04 13:19:59] EDIT CLhelper/views/default/index.html: -2
[2014-02-04 13:20:14] EDIT CLhelper/views/default/index.html: 2
[2014-02-04 13:22:35] EDIT CLhelper/views/default/index.html: 0
[2014-02-04 13:23:00] EDIT CLhelper/controllers/default.py: 0
[2014-02-04 13:24:19] EDIT CLhelper/controllers/default.py: 0
[2014-02-04 13:25:29] EDIT CLhelper/views/default/index.html: 3
[2014-02-04 13:26:05] EDIT CLhelper/views/default/index.html: 0
[2014-02-04 13:27:18] EDIT CLhelper/views/default/index.html: 0
[2014-02-04 13:28:08] EDIT CLhelper/controllers/default.py: 0
[2014-02-04 13:28:41] EDIT CLhelper/controllers/default.py: 0
[2014-02-04 13:31:13] EDIT CLhelper/models/db.py: 4
[2014-02-04 13:34:26] EDIT CLhelper/controllers/default.py: 3
[2014-02-04 13:35:30] EDIT CLhelper/controllers/default.py: 0
[2014-02-04 13:35:32] EDIT CLhelper/controllers/default.py: 0
[2014-02-04 13:35:49] EDIT CLhelper/controllers/default.py: 0
[2014-02-04 13:35:54] EDIT CLhelper/controllers/default.py: 0
[2014-02-04 13:36:10] EDIT CLhelper/views/default/index.html: 0
[2014-02-04 13:40:34] EDIT CLhelper/controllers/default.py: 0
[2014-02-04 13:45:48] EDIT CLhelper/controllers/default.py: 2
[2014-02-04 13:45:52] EDIT CLhelper/controllers/default.py: 0
[2014-02-04 13:46:41] EDIT CLhelper/views/default/index.html: -5
[2014-02-04 13:46:56] EDIT CLhelper/controllers/default.py: 0
[2014-02-04 13:47:05] EDIT CLhelper/controllers/default.py: 0
[2014-02-04 13:47:23] EDIT CLhelper/controllers/default.py: 0
[2014-02-04 13:49:25] EDIT CLhelper/controllers/default.py: -4
[2014-02-04 13:50:31] EDIT CLhelper/controllers/default.py: 0
[2014-02-04 13:51:50] EDIT CLhelper/controllers/default.py: 0
[2014-02-04 13:52:10] EDIT CLhelper/controllers/default.py: 0
[2014-02-04 13:52:30] EDIT CLhelper/controllers/default.py: 0
[2014-02-04 13:53:01] EDIT CLhelper/controllers/default.py: 0
[2014-02-04 13:55:05] EDIT CLhelper/controllers/default.py: 0
[2014-02-04 13:55:06] EDIT CLhelper/controllers/default.py: 0
[2014-02-04 13:55:22] EDIT CLhelper/controllers/default.py: 0
[2014-02-04 13:57:57] EDIT CLhelper/controllers/default.py: 4
[2014-02-04 14:00:02] EDIT CLhelper/controllers/default.py: -1
[2014-02-04 14:01:30] EDIT CLhelper/controllers/default.py: 0
[2014-02-04 14:02:13] EDIT CLhelper/models/db.py: 1
[2014-02-04 14:02:14] EDIT CLhelper/models/db.py: 0
[2014-02-04 14:02:38] EDIT CLhelper/controllers/default.py: 0
[2014-02-04 14:03:21] EDIT CLhelper/models/db.py: 0
[2014-02-04 14:04:38] EDIT CLhelper/controllers/default.py: 1
[2014-02-04 14:05:15] EDIT CLhelper/controllers/default.py: 0
[2014-02-04 14:07:33] EDIT CLhelper/controllers/default.py: -2
[2014-02-04 14:08:03] EDIT CLhelper/controllers/default.py: 0
[2014-02-04 14:08:32] EDIT CLhelper/controllers/default.py: 0
[2014-02-04 14:09:24] EDIT CLhelper/controllers/default.py: 0
[2014-02-04 14:09:26] EDIT CLhelper/controllers/default.py: 0
[2014-02-04 14:13:39] EDIT CLhelper/views/default/index.html: 1
[2014-02-04 14:13:46] EDIT CLhelper/controllers/default.py: 0
[2014-02-04 14:14:30] EDIT CLhelper/views/default/index.html: -27
[2014-02-04 14:15:15] EDIT CLhelper/views/default/index.html: -1
[2014-02-04 14:20:02] EDIT CLhelper/controllers/default.py: 0
[2014-02-04 14:22:47] EDIT CLhelper/controllers/default.py: 9
[2014-02-04 14:25:04] EDIT CLhelper/models/db.py: 1
[2014-02-04 14:27:52] EDIT CLhelper/controllers/default.py: 3
[2014-02-04 14:28:03] EDIT CLhelper/views/default/index.html: -1
[2014-02-04 14:28:32] CREATE default/manage.html: 0
[2014-02-04 14:28:54] EDIT CLhelper/views/default/manage.html: 0
[2014-02-04 14:29:55] EDIT CLhelper/controllers/default.py: 0
[2014-02-04 14:29:56] EDIT CLhelper/controllers/default.py: 0
[2014-02-07 12:01:48] EDIT CLhelper/controllers/default.py: 2
[2014-02-07 12:02:21] EDIT CLhelper/views/default/manage.html: -1
[2014-02-07 12:03:41] EDIT CLhelper/views/default/manage.html: 1
[2014-02-07 12:07:55] EDIT CLhelper/controllers/default.py: 1
[2014-02-07 12:11:45] EDIT CLhelper/controllers/default.py: 0
[2014-02-07 12:16:05] EDIT CLhelper/controllers/default.py: 0
[2014-02-07 12:16:39] EDIT CLhelper/controllers/default.py: 0
[2014-02-07 12:16:42] EDIT CLhelper/controllers/default.py: 0
[2014-02-07 12:17:12] EDIT CLhelper/controllers/default.py: 0
[2014-02-07 12:17:43] EDIT CLhelper/controllers/default.py: 0
[2014-02-07 12:18:37] EDIT CLhelper/controllers/default.py: 0
[2014-02-07 12:21:36] EDIT CLhelper/controllers/default.py: 0
[2014-02-07 12:25:50] EDIT CLhelper/controllers/default.py: 0
[2014-02-07 12:26:50] EDIT CLhelper/controllers/default.py: 0
[2014-02-07 12:26:55] EDIT CLhelper/controllers/default.py: 0
[2014-02-07 12:27:01] EDIT CLhelper/controllers/default.py: 0
[2014-02-07 12:28:01] EDIT CLhelper/controllers/default.py: 0
[2014-02-07 12:28:22] EDIT CLhelper/controllers/default.py: 0
[2014-02-07 12:28:40] EDIT CLhelper/controllers/default.py: 0
[2014-02-07 12:29:07] EDIT CLhelper/controllers/default.py: 0
[2014-02-07 12:31:18] EDIT CLhelper/controllers/default.py: 0
[2014-02-07 12:31:37] EDIT CLhelper/controllers/default.py: 0
[2014-02-07 12:32:40] EDIT CLhelper/controllers/default.py: 0
[2014-02-07 12:35:59] EDIT CLhelper/controllers/default.py: 0
[2014-02-07 12:36:25] EDIT CLhelper/controllers/default.py: 0
[2014-02-07 12:37:45] EDIT CLhelper/controllers/default.py: 0
[2014-02-07 12:41:05] EDIT CLhelper/controllers/default.py: 0
[2014-02-07 12:41:31] EDIT CLhelper/controllers/default.py: 0
[2014-02-07 12:42:16] EDIT CLhelper/controllers/default.py: 0
[2014-02-07 12:43:00] EDIT CLhelper/controllers/default.py: 0
[2014-02-07 12:43:14] EDIT CLhelper/controllers/default.py: 0
[2014-02-07 12:43:41] EDIT CLhelper/controllers/default.py: 0
[2014-02-07 12:44:48] EDIT CLhelper/controllers/default.py: 0
[2014-02-07 12:45:56] EDIT CLhelper/controllers/default.py: 0
[2014-02-07 12:46:29] EDIT CLhelper/controllers/default.py: 0
[2014-02-07 12:46:48] EDIT CLhelper/controllers/default.py: 0
[2014-02-07 12:48:26] EDIT CLhelper/controllers/default.py: 0
[2014-02-07 12:49:02] EDIT CLhelper/controllers/default.py: 0
[2014-02-07 12:49:05] EDIT CLhelper/controllers/default.py: 0
[2014-02-07 12:49:46] EDIT CLhelper/controllers/default.py: -1
[2014-02-07 12:50:47] EDIT CLhelper/controllers/default.py: 2
[2014-02-07 12:51:10] EDIT CLhelper/controllers/default.py: 0
[2014-02-07 12:51:37] EDIT CLhelper/controllers/default.py: 0
[2014-02-07 12:51:56] EDIT CLhelper/controllers/default.py: 0
[2014-02-07 12:52:56] EDIT CLhelper/views/default/manage.html: 1
[2014-02-07 12:53:20] EDIT CLhelper/views/default/manage.html: 0
[2014-02-07 12:54:27] EDIT CLhelper/views/default/manage.html: 0
[2014-02-07 12:55:06] EDIT CLhelper/views/default/manage.html: 0
[2014-02-07 13:49:59] EDIT CLhelper/controllers/default.py: 0
[2014-02-07 13:52:55] EDIT CLhelper/models/db.py: 0
[2014-02-07 13:53:25] EDIT CLhelper/controllers/default.py: 0
[2014-02-07 13:53:50] EDIT CLhelper/controllers/default.py: 0
[2014-02-07 13:54:28] EDIT CLhelper/controllers/default.py: 0
[2014-02-07 13:54:49] EDIT CLhelper/controllers/default.py: 0
[2014-02-07 13:58:54] EDIT CLhelper/controllers/default.py: 0
[2014-02-07 13:58:57] EDIT CLhelper/controllers/default.py: 0
[2014-02-07 13:59:22] EDIT CLhelper/controllers/default.py: 0
[2014-02-07 13:59:24] EDIT CLhelper/controllers/default.py: 0
[2014-02-07 14:06:12] EDIT CLhelper/controllers/default.py: 0
[2014-02-07 14:06:58] EDIT CLhelper/controllers/default.py: 0
[2014-02-07 14:07:00] EDIT CLhelper/controllers/default.py: 0
[2014-02-07 14:07:55] EDIT CLhelper/controllers/default.py: 1
[2014-02-07 14:07:57] EDIT CLhelper/controllers/default.py: 0
[2014-02-07 14:08:34] EDIT CLhelper/controllers/default.py: 0
[2014-02-07 14:08:34] EDIT CLhelper/controllers/default.py: 0
[2014-02-07 14:08:52] EDIT CLhelper/controllers/default.py: 0
[2014-02-07 14:09:02] EDIT CLhelper/controllers/default.py: 0
[2014-02-07 14:09:08] EDIT CLhelper/controllers/default.py: 0
[2014-02-07 14:09:30] EDIT CLhelper/controllers/default.py: 0
[2014-02-07 14:09:33] EDIT CLhelper/controllers/default.py: 0
[2014-02-07 14:09:38] EDIT CLhelper/controllers/default.py: 0
[2014-02-07 14:09:40] EDIT CLhelper/controllers/default.py: 0
[2014-02-07 14:10:08] EDIT CLhelper/controllers/default.py: 1
[2014-02-07 14:10:27] EDIT CLhelper/controllers/default.py: 0
[2014-02-07 14:10:28] EDIT CLhelper/controllers/default.py: 0
[2014-02-07 14:12:39] EDIT CLhelper/controllers/default.py: 0
[2014-02-07 14:12:42] EDIT CLhelper/controllers/default.py: 0
[2014-02-07 14:12:44] EDIT CLhelper/controllers/default.py: 0
[2014-02-07 14:14:27] EDIT CLhelper/controllers/default.py: 0
[2014-02-07 14:15:11] EDIT CLhelper/controllers/default.py: 0
[2014-02-07 14:16:27] EDIT CLhelper/controllers/default.py: -1
[2014-02-07 14:16:29] EDIT CLhelper/controllers/default.py: 0
[2014-02-07 14:16:34] EDIT CLhelper/controllers/default.py: 0
[2014-02-07 14:16:49] EDIT CLhelper/controllers/default.py: 1
[2014-02-07 14:17:18] EDIT CLhelper/controllers/default.py: -1
[2014-02-07 14:17:19] EDIT CLhelper/controllers/default.py: 0
[2014-02-07 14:18:12] EDIT CLhelper/controllers/default.py: 0
[2014-02-07 14:18:54] EDIT CLhelper/controllers/default.py: 0
[2014-02-07 14:18:55] EDIT CLhelper/controllers/default.py: 0
[2014-02-07 14:19:23] EDIT CLhelper/controllers/default.py: 0
[2014-02-07 14:20:05] EDIT CLhelper/controllers/default.py: 0
[2014-02-07 14:20:07] EDIT CLhelper/controllers/default.py: 0
[2014-02-07 14:20:37] EDIT CLhelper/controllers/default.py: 0
[2014-02-07 14:20:40] EDIT CLhelper/controllers/default.py: 0
[2014-02-07 14:21:13] EDIT CLhelper/models/db.py: 0
[2014-02-07 14:22:10] EDIT CLhelper/controllers/default.py: -1
[2014-02-07 14:22:18] EDIT CLhelper/controllers/default.py: 0
[2014-02-07 14:22:54] EDIT CLhelper/controllers/default.py: 0
[2014-02-07 14:23:08] EDIT CLhelper/controllers/default.py: 0
[2014-02-07 14:23:43] EDIT CLhelper/controllers/default.py: 0
[2014-02-07 14:24:37] EDIT CLhelper/controllers/default.py: 0
[2014-02-08 11:34:54] EDIT CLhelper/controllers/default.py: 0
[2014-02-08 11:35:14] EDIT CLhelper/controllers/default.py: 0
[2014-02-08 11:36:05] EDIT CLhelper/controllers/default.py: 0
[2014-02-08 11:36:53] EDIT CLhelper/controllers/default.py: 0
[2014-02-08 11:40:37] EDIT CLhelper/controllers/default.py: -1
[2014-02-08 11:56:52] EDIT CLhelper/controllers/default.py: 0
[2014-02-08 12:15:22] EDIT CLhelper/controllers/default.py: 0
[2014-02-08 12:18:55] EDIT CLhelper/controllers/default.py: 0
[2014-02-08 12:18:56] EDIT CLhelper/controllers/default.py: 0
[2014-02-08 12:19:09] EDIT CLhelper/controllers/default.py: 0
[2014-02-08 12:19:11] EDIT CLhelper/controllers/default.py: 0
[2014-02-08 12:20:56] EDIT CLhelper/controllers/default.py: 0
[2014-02-08 12:21:38] EDIT CLhelper/controllers/default.py: 0
[2014-02-08 12:22:26] EDIT CLhelper/controllers/default.py: 0
[2014-02-08 12:23:32] EDIT CLhelper/models/db.py: 0
[2014-02-08 12:24:13] EDIT CLhelper/models/db.py: 0
[2014-02-08 12:24:33] EDIT CLhelper/models/db.py: 0
[2014-02-08 12:25:05] EDIT CLhelper/controllers/default.py: 0
[2014-02-08 12:25:28] EDIT CLhelper/controllers/default.py: 0
[2014-02-08 12:26:24] EDIT CLhelper/controllers/default.py: 1
[2014-02-08 12:26:33] EDIT CLhelper/controllers/default.py: 0
[2014-02-08 12:27:22] EDIT CLhelper/controllers/default.py: -1
[2014-02-08 12:27:31] EDIT CLhelper/controllers/default.py: 0
[2014-02-08 12:29:36] EDIT CLhelper/controllers/default.py: 0
[2014-02-08 12:31:58] EDIT CLhelper/controllers/default.py: 0
[2014-02-08 12:33:56] EDIT CLhelper/controllers/default.py: 0
[2014-02-08 12:34:23] EDIT CLhelper/controllers/default.py: 0
[2014-02-08 12:34:24] EDIT CLhelper/controllers/default.py: 0
[2014-02-08 12:34:54] EDIT CLhelper/controllers/default.py: 0
[2014-02-08 12:35:49] EDIT CLhelper/controllers/default.py: 0
[2014-02-08 12:37:43] EDIT CLhelper/controllers/default.py: 0
[2014-02-08 12:37:45] EDIT CLhelper/controllers/default.py: 0
[2014-02-08 12:46:28] EDIT CLhelper/controllers/default.py: -1
[2014-02-08 12:46:41] EDIT CLhelper/controllers/default.py: 0
[2014-02-08 12:47:04] EDIT CLhelper/models/db.py: 2
[2014-02-08 12:47:51] EDIT CLhelper/models/db.py: 0
[2014-02-08 12:48:58] EDIT CLhelper/models/db.py: 0
[2014-02-08 12:50:40] EDIT CLhelper/controllers/default.py: 0
[2014-02-08 12:50:42] EDIT CLhelper/controllers/default.py: 0
[2014-02-08 12:51:00] EDIT CLhelper/controllers/default.py: 0
[2014-02-08 12:55:51] EDIT CLhelper/controllers/default.py: 9
[2014-02-08 12:56:11] CREATE default/add_link.html: 0
[2014-02-08 12:56:49] EDIT CLhelper/views/default/add_link.html: 0
[2014-02-08 12:58:13] EDIT CLhelper/controllers/default.py: 0
[2014-02-08 12:58:19] EDIT CLhelper/controllers/default.py: 0
[2014-02-08 12:58:58] EDIT CLhelper/controllers/default.py: 0
[2014-02-08 13:01:12] EDIT CLhelper/controllers/default.py: 8
[2014-02-08 13:01:29] EDIT CLhelper/views/default/add_link.html: 1
[2014-02-08 13:01:55] EDIT CLhelper/controllers/default.py: -1
[2014-02-08 13:02:05] EDIT CLhelper/controllers/default.py: 0
[2014-02-08 13:03:11] EDIT CLhelper/controllers/default.py: 0
[2014-02-08 13:04:08] EDIT CLhelper/models/db.py: 1
[2014-02-08 13:05:22] EDIT CLhelper/controllers/default.py: 0
[2014-02-08 13:05:49] EDIT CLhelper/controllers/default.py: -1
[2014-02-08 13:05:52] EDIT CLhelper/controllers/default.py: 0
[2014-02-08 13:07:47] EDIT CLhelper/controllers/default.py: 3
[2014-02-08 13:08:03] EDIT CLhelper/controllers/default.py: 0
[2014-02-08 13:08:11] EDIT CLhelper/views/default/add_link.html: -1
[2014-02-08 13:08:37] CREATE default/manage_links.html: 0
[2014-02-08 13:08:55] EDIT CLhelper/views/default/manage_links.html: 0
[2014-02-08 13:09:07] EDIT CLhelper/views/default/manage_links.html: 0
[2014-02-08 13:10:24] EDIT CLhelper/views/default/manage_links.html: 0
[2014-02-08 13:12:16] EDIT CLhelper/controllers/default.py: 2
[2014-02-08 13:12:59] EDIT CLhelper/models/db.py: 0
[2014-02-08 13:13:01] EDIT CLhelper/models/db.py: 0
[2014-02-08 13:14:18] EDIT CLhelper/controllers/default.py: 0
[2014-02-08 13:16:12] EDIT CLhelper/controllers/default.py: -1
[2014-02-08 13:16:47] EDIT CLhelper/controllers/default.py: -1
[2014-02-08 13:18:59] EDIT CLhelper/controllers/default.py: 2
[2014-02-08 13:20:57] EDIT CLhelper/models/db.py: 1
[2014-02-08 13:22:23] EDIT CLhelper/models/db.py: 0
[2014-02-08 13:22:47] EDIT CLhelper/views/default/manage_links.html: -1
[2014-02-08 13:23:07] EDIT CLhelper/views/default/manage_links.html: 1
[2014-02-08 13:24:29] EDIT CLhelper/controllers/default.py: 1
[2014-02-08 13:25:40] EDIT CLhelper/controllers/default.py: 1
[2014-02-08 13:27:07] EDIT CLhelper/controllers/default.py: 1
[2014-02-08 13:27:14] EDIT CLhelper/controllers/default.py: 1
[2014-02-08 13:27:46] EDIT CLhelper/controllers/default.py: -1
[2014-02-08 13:29:17] EDIT CLhelper/controllers/default.py: 1
[2014-02-08 13:30:06] EDIT CLhelper/views/default/manage.html: 1
[2014-02-08 13:31:40] EDIT CLhelper/views/default/manage.html: 0
[2014-02-08 13:32:17] EDIT CLhelper/views/default/manage.html: 0
[2014-02-08 13:32:57] EDIT CLhelper/views/default/manage.html: 0
[2014-02-08 13:35:41] EDIT CLhelper/views/default/add_link.html: 2
[2014-02-08 13:35:49] EDIT CLhelper/views/default/add_link.html: 0
[2014-02-08 13:37:02] EDIT CLhelper/views/default/add_link.html: 0
[2014-02-08 13:38:23] EDIT CLhelper/views/default/manage_links.html: 1
[2014-02-08 13:38:32] EDIT CLhelper/views/default/manage_links.html: 0
[2014-02-08 13:40:45] EDIT CLhelper/views/default/manage_links.html: 1
[2014-02-08 13:46:13] EDIT CLhelper/controllers/default.py: 0
[2014-02-08 14:08:21] EDIT CLhelper/models/db.py: 3
[2014-02-08 14:09:02] EDIT CLhelper/controllers/default.py: 1
[2014-02-08 14:12:29] EDIT CLhelper/models/db.py: 0
[2014-02-08 14:12:36] EDIT CLhelper/models/db.py: 0
[2014-02-08 14:12:49] EDIT CLhelper/controllers/default.py: 4
[2014-02-08 14:12:55] EDIT CLhelper/controllers/default.py: 0
[2014-02-08 14:12:57] EDIT CLhelper/controllers/default.py: 0
[2014-02-08 14:13:27] EDIT CLhelper/controllers/default.py: 0
[2014-02-08 14:13:30] EDIT CLhelper/controllers/default.py: 0
[2014-02-08 14:13:31] EDIT CLhelper/controllers/default.py: 0
[2014-02-08 14:13:37] EDIT CLhelper/controllers/default.py: 0
[2014-02-08 14:14:04] EDIT CLhelper/controllers/default.py: 1
[2014-02-08 14:15:59] EDIT CLhelper/controllers/default.py: 2
[2014-02-08 14:18:15] EDIT CLhelper/controllers/default.py: 3
[2014-02-08 14:18:38] EDIT CLhelper/controllers/default.py: 0
[2014-02-08 14:18:45] EDIT CLhelper/controllers/default.py: 0
[2014-02-08 14:18:53] EDIT CLhelper/controllers/default.py: 0
[2014-02-08 14:20:19] EDIT CLhelper/controllers/default.py: -3
[2014-02-08 14:21:39] EDIT CLhelper/controllers/default.py: 1
[2014-02-08 14:21:51] EDIT CLhelper/controllers/default.py: 0
[2014-02-08 14:22:59] EDIT CLhelper/controllers/default.py: 0
[2014-02-08 14:23:22] EDIT CLhelper/controllers/default.py: 0
[2014-02-08 14:25:01] EDIT CLhelper/controllers/default.py: 10
[2014-02-08 14:25:44] EDIT CLhelper/controllers/default.py: 0
[2014-02-08 14:26:08] EDIT CLhelper/controllers/default.py: 0
[2014-02-08 14:26:13] EDIT CLhelper/controllers/default.py: 0
[2014-02-08 14:26:32] EDIT CLhelper/controllers/default.py: -1
[2014-02-08 14:26:54] CREATE default/manage_data.html: 0
[2014-02-08 14:27:09] EDIT CLhelper/views/default/manage_data.html: -1
[2014-02-08 14:30:47] EDIT CLhelper/controllers/default.py: -1
[2014-02-08 14:31:48] EDIT CLhelper/controllers/default.py: 2
[2014-02-08 14:32:27] EDIT CLhelper/controllers/default.py: 0
[2014-02-08 14:32:59] EDIT CLhelper/controllers/default.py: 0
[2014-02-08 14:35:51] EDIT CLhelper/controllers/default.py: 0
[2014-02-08 14:36:42] EDIT CLhelper/controllers/default.py: 1
[2014-02-08 14:36:44] EDIT CLhelper/controllers/default.py: 0
[2014-02-08 14:37:13] EDIT CLhelper/controllers/default.py: 0
[2014-02-08 14:40:12] EDIT CLhelper/controllers/default.py: -1
[2014-02-08 14:42:39] EDIT CLhelper/controllers/default.py: 0
[2014-02-08 14:44:37] EDIT CLhelper/controllers/default.py: 0
[2014-02-08 14:46:32] EDIT CLhelper/controllers/default.py: 0
[2014-02-08 14:46:47] EDIT CLhelper/controllers/default.py: 1
[2014-02-08 14:47:04] EDIT CLhelper/controllers/default.py: -1
[2014-02-08 14:47:13] EDIT CLhelper/controllers/default.py: 1
[2014-02-08 14:48:54] EDIT CLhelper/controllers/default.py: 0
[2014-02-08 14:49:53] EDIT CLhelper/controllers/default.py: 2
[2014-02-08 14:50:06] EDIT CLhelper/controllers/default.py: 0
[2014-02-08 14:50:29] EDIT CLhelper/controllers/default.py: -1
[2014-02-08 14:50:32] EDIT CLhelper/controllers/default.py: 0
[2014-02-08 14:50:32] EDIT CLhelper/controllers/default.py: 0
[2014-02-08 14:50:58] EDIT CLhelper/models/db.py: 0
[2014-02-08 14:51:10] EDIT CLhelper/controllers/default.py: 0
[2014-02-08 14:52:35] EDIT CLhelper/controllers/default.py: 0
[2014-02-08 14:52:37] EDIT CLhelper/controllers/default.py: 0
[2014-02-08 14:52:59] EDIT CLhelper/models/db.py: 0
[2014-02-08 14:53:28] EDIT CLhelper/controllers/default.py: 0
[2014-02-08 14:53:34] EDIT CLhelper/controllers/default.py: 1
[2014-02-08 14:53:48] EDIT CLhelper/controllers/default.py: 0
[2014-02-08 14:53:49] EDIT CLhelper/controllers/default.py: 0
[2014-02-08 14:54:11] EDIT CLhelper/controllers/default.py: -1
[2014-02-08 14:54:28] EDIT CLhelper/controllers/default.py: 0
[2014-02-08 14:54:45] EDIT CLhelper/controllers/default.py: 1
[2014-02-08 14:55:02] EDIT CLhelper/controllers/default.py: -1
[2014-02-08 14:56:17] EDIT CLhelper/controllers/default.py: 1
[2014-02-08 14:56:42] EDIT CLhelper/controllers/default.py: 0
[2014-02-08 14:57:11] EDIT CLhelper/controllers/default.py: 0
[2014-02-08 14:57:12] EDIT CLhelper/controllers/default.py: 0
[2014-02-08 14:57:36] EDIT CLhelper/controllers/default.py: -1
[2014-02-08 14:57:37] EDIT CLhelper/controllers/default.py: 0
[2014-02-08 15:00:42] EDIT CLhelper/controllers/default.py: 0
[2014-02-08 15:01:39] EDIT CLhelper/controllers/default.py: 0
[2014-02-08 15:01:51] EDIT CLhelper/controllers/default.py: 1
[2014-02-08 15:02:08] EDIT CLhelper/controllers/default.py: 0
[2014-02-08 15:10:13] EDIT CLhelper/controllers/default.py: 0
[2014-02-08 15:18:41] EDIT CLhelper/controllers/default.py: 0
[2014-02-08 15:20:03] EDIT CLhelper/controllers/default.py: 0
[2014-02-08 15:20:04] EDIT CLhelper/controllers/default.py: 0
[2014-02-08 15:23:37] EDIT CLhelper/controllers/default.py: 0
[2014-02-08 15:23:51] EDIT CLhelper/controllers/default.py: 0
[2014-02-08 15:24:23] EDIT CLhelper/controllers/default.py: 0
[2014-02-08 15:37:45] EDIT CLhelper/controllers/default.py: 0
[2014-02-08 15:38:01] EDIT CLhelper/controllers/default.py: 0
[2014-02-08 15:39:51] EDIT CLhelper/controllers/default.py: -2
[2014-02-08 15:40:49] EDIT CLhelper/controllers/default.py: 2
[2014-02-08 15:41:33] EDIT CLhelper/controllers/default.py: 0
[2014-02-08 15:48:58] EDIT CLhelper/controllers/default.py: 0
[2014-02-08 15:50:11] EDIT CLhelper/controllers/default.py: 1
[2014-02-08 15:50:22] EDIT CLhelper/controllers/default.py: 0
[2014-02-08 15:50:53] EDIT CLhelper/controllers/default.py: 0
[2014-02-08 15:52:36] EDIT CLhelper/controllers/default.py: 0
[2014-02-08 15:52:43] EDIT CLhelper/controllers/default.py: 0
[2014-02-08 15:52:48] EDIT CLhelper/controllers/default.py: 0
[2014-02-08 15:57:15] EDIT CLhelper/controllers/default.py: 0
[2014-02-08 15:58:08] EDIT CLhelper/controllers/default.py: -1
[2014-02-08 15:58:50] EDIT CLhelper/controllers/default.py: 0
[2014-02-08 16:00:45] EDIT CLhelper/controllers/default.py: 0
[2014-02-08 16:01:24] EDIT CLhelper/controllers/default.py: 0
[2014-02-08 16:04:16] EDIT CLhelper/controllers/default.py: 0
[2014-02-08 16:09:07] EDIT CLhelper/models/db.py: 0
[2014-02-08 16:09:16] EDIT CLhelper/controllers/default.py: 0
[2014-02-09 12:10:03] EDIT CLhelper/models/db.py: 0
[2014-02-09 12:10:57] EDIT CLhelper/controllers/default.py: 1
[2014-02-09 12:11:24] EDIT CLhelper/controllers/default.py: -1
[2014-02-09 12:11:27] EDIT CLhelper/controllers/default.py: 0
[2014-02-09 12:12:00] EDIT CLhelper/controllers/default.py: 1
[2014-02-09 12:13:48] EDIT CLhelper/controllers/default.py: 0
[2014-02-09 12:15:36] EDIT CLhelper/controllers/default.py: 3
[2014-02-09 12:16:52] EDIT CLhelper/controllers/default.py: 1
[2014-02-09 12:17:16] EDIT CLhelper/controllers/default.py: 0
[2014-02-09 12:17:28] EDIT CLhelper/controllers/default.py: 0
[2014-02-09 12:17:50] CREATE default/view_data.html: 0
[2014-02-09 12:18:12] EDIT CLhelper/views/default/view_data.html: -1
[2014-02-09 12:18:29] EDIT CLhelper/controllers/default.py: 0
[2014-02-09 12:18:55] EDIT CLhelper/views/default/view_data.html: 0
[2014-02-09 12:19:04] EDIT CLhelper/views/default/view_data.html: 0
[2014-02-09 12:19:14] EDIT CLhelper/controllers/default.py: 0
[2014-02-09 12:19:17] EDIT CLhelper/controllers/default.py: 0
[2014-02-09 12:19:50] EDIT CLhelper/controllers/default.py: 0
[2014-02-09 12:20:56] EDIT CLhelper/controllers/default.py: 0
[2014-02-09 12:21:16] EDIT CLhelper/views/default/view_data.html: 0
[2014-02-09 12:21:47] EDIT CLhelper/views/default/view_data.html: 0
[2014-02-09 12:23:15] EDIT CLhelper/views/default/view_data.html: 0
[2014-02-09 12:23:48] EDIT CLhelper/controllers/default.py: 0
[2014-02-09 12:24:34] EDIT CLhelper/views/default/view_data.html: 0
[2014-02-09 12:24:56] EDIT CLhelper/views/default/view_data.html: 0
[2014-02-09 12:25:00] EDIT CLhelper/views/default/view_data.html: 0
[2014-02-09 12:26:58] EDIT CLhelper/controllers/default.py: 1
[2014-02-09 12:26:59] EDIT CLhelper/controllers/default.py: 0
[2014-02-09 12:27:19] EDIT CLhelper/controllers/default.py: 0
[2014-02-09 12:29:16] EDIT CLhelper/controllers/default.py: -1
[2014-02-09 12:29:17] EDIT CLhelper/controllers/default.py: 0
[2014-02-09 12:29:27] EDIT CLhelper/views/default/view_data.html: 0
[2014-02-09 12:29:35] EDIT CLhelper/controllers/default.py: 0
[2014-02-09 12:29:58] EDIT CLhelper/views/default/view_data.html: 0
[2014-02-09 12:31:49] EDIT CLhelper/controllers/default.py: 0
[2014-02-09 12:31:51] EDIT CLhelper/controllers/default.py: 0
[2014-02-09 12:31:57] EDIT CLhelper/views/default/view_data.html: 0
[2014-02-09 12:32:06] EDIT CLhelper/controllers/default.py: 0
[2014-02-09 12:32:34] EDIT CLhelper/views/default/view_data.html: 0
[2014-02-10 16:21:16] EDIT CLhelper/controllers/default.py: 0
[2014-02-10 16:21:44] EDIT CLhelper/controllers/default.py: 0
[2014-02-10 16:22:16] EDIT CLhelper/controllers/default.py: 0
[2014-02-10 16:22:20] EDIT CLhelper/controllers/default.py: 0
[2014-02-10 16:22:46] EDIT CLhelper/controllers/default.py: 0
[2014-02-10 16:23:28] EDIT CLhelper/controllers/default.py: 0
[2014-02-10 16:23:28] EDIT CLhelper/controllers/default.py: 0
[2014-02-10 16:23:46] EDIT CLhelper/controllers/default.py: 0
[2014-02-10 16:23:51] EDIT CLhelper/controllers/default.py: 0
